-- step 0 --
Node(6425610967652444758): starting up!
-- step 1 --
Node(2557536182303153451): received join message for: 6425610967652444758
Node(2557536182303153451): peer 6425610967652444758 is missing from current block: Block { prefix: Prefix(), version: 0, members: {2557536182303153451} }
Node(2557536182303153451): voting for Vote { from: Block { prefix: Prefix(), version: 0, members: {2557536182303153451} }, to: Block { prefix: Prefix(), version: 1, members: {2557536182303153451, 6425610967652444758} } } based on our view
Node(2557536182303153451): new valid block: Block { prefix: Prefix(), version: 1, members: {2557536182303153451, 6425610967652444758} }
Node(2557536182303153451): block no longer current: Block { prefix: Prefix(), version: 0, members: {2557536182303153451} }
Node(2557536182303153451): new current block: Block { prefix: Prefix(), version: 1, members: {2557536182303153451, 6425610967652444758} }
-- step 2 --
Node(6425610967652444758): applying bootstrap message from 2557536182303153451
Node(6425610967652444758): new valid block: Block { prefix: Prefix(), version: 1, members: {2557536182303153451, 6425610967652444758} }
Node(6425610967652444758): block no longer current: Block { prefix: Prefix(), version: 0, members: {2557536182303153451} }
Node(6425610967652444758): new current block: Block { prefix: Prefix(), version: 1, members: {2557536182303153451, 6425610967652444758} }
-- step 3 --
Node(6425610967652444758): received agreement for Vote { from: Block { prefix: Prefix(), version: 0, members: {2557536182303153451} }, to: Block { prefix: Prefix(), version: 1, members: {2557536182303153451, 6425610967652444758} } } from 2557536182303153451
Node(6425610967652444758): received Vote { from: Block { prefix: Prefix(), version: 0, members: {2557536182303153451} }, to: Block { prefix: Prefix(), version: 1, members: {2557536182303153451, 6425610967652444758} } } from 2557536182303153451
Node(2557536182303153451): received agreement for Vote { from: Block { prefix: Prefix(), version: 0, members: {2557536182303153451} }, to: Block { prefix: Prefix(), version: 1, members: {2557536182303153451, 6425610967652444758} } } from 6425610967652444758
-- step 4 --
-- step 5 --
-- step 6 --
-- step 7 --
-- step 8 --
-- step 9 --
-- step 10 --
Node(10037328560925727304): starting up!
-- step 11 --
Node(2557536182303153451): received join message for: 10037328560925727304
Node(2557536182303153451): peer 10037328560925727304 is missing from current block: Block { prefix: Prefix(), version: 1, members: {2557536182303153451, 6425610967652444758} }
Node(2557536182303153451): voting for Vote { from: Block { prefix: Prefix(), version: 1, members: {2557536182303153451, 6425610967652444758} }, to: Block { prefix: Prefix(), version: 2, members: {2557536182303153451, 6425610967652444758, 10037328560925727304} } } based on our view
-- step 12 --
Node(6425610967652444758): received join message for: 10037328560925727304
Node(6425610967652444758): peer 10037328560925727304 is missing from current block: Block { prefix: Prefix(), version: 1, members: {2557536182303153451, 6425610967652444758} }
Node(6425610967652444758): voting for Vote { from: Block { prefix: Prefix(), version: 1, members: {2557536182303153451, 6425610967652444758} }, to: Block { prefix: Prefix(), version: 2, members: {2557536182303153451, 6425610967652444758, 10037328560925727304} } } based on our view
Node(6425610967652444758): received Vote { from: Block { prefix: Prefix(), version: 1, members: {2557536182303153451, 6425610967652444758} }, to: Block { prefix: Prefix(), version: 2, members: {2557536182303153451, 6425610967652444758, 10037328560925727304} } } from 2557536182303153451
Node(6425610967652444758): new valid block: Block { prefix: Prefix(), version: 2, members: {2557536182303153451, 6425610967652444758, 10037328560925727304} }
Node(6425610967652444758): block no longer current: Block { prefix: Prefix(), version: 1, members: {2557536182303153451, 6425610967652444758} }
Node(6425610967652444758): new current block: Block { prefix: Prefix(), version: 2, members: {2557536182303153451, 6425610967652444758, 10037328560925727304} }
Node(10037328560925727304): received Vote { from: Block { prefix: Prefix(), version: 1, members: {2557536182303153451, 6425610967652444758} }, to: Block { prefix: Prefix(), version: 2, members: {2557536182303153451, 6425610967652444758, 10037328560925727304} } } from 2557536182303153451
Node(10037328560925727304): applying bootstrap message from 2557536182303153451
Node(10037328560925727304): new valid block: Block { prefix: Prefix(), version: 1, members: {2557536182303153451, 6425610967652444758} }
Node(10037328560925727304): block no longer current: Block { prefix: Prefix(), version: 0, members: {2557536182303153451} }
Node(10037328560925727304): new current block: Block { prefix: Prefix(), version: 1, members: {2557536182303153451, 6425610967652444758} }
-- step 13 --
Node(2557536182303153451): received Vote { from: Block { prefix: Prefix(), version: 1, members: {2557536182303153451, 6425610967652444758} }, to: Block { prefix: Prefix(), version: 2, members: {2557536182303153451, 6425610967652444758, 10037328560925727304} } } from 6425610967652444758
Node(2557536182303153451): new valid block: Block { prefix: Prefix(), version: 2, members: {2557536182303153451, 6425610967652444758, 10037328560925727304} }
Node(2557536182303153451): block no longer current: Block { prefix: Prefix(), version: 1, members: {2557536182303153451, 6425610967652444758} }
Node(2557536182303153451): new current block: Block { prefix: Prefix(), version: 2, members: {2557536182303153451, 6425610967652444758, 10037328560925727304} }
Node(10037328560925727304): applying bootstrap message from 6425610967652444758
Node(10037328560925727304): new valid block: Block { prefix: Prefix(), version: 2, members: {2557536182303153451, 6425610967652444758, 10037328560925727304} }
Node(10037328560925727304): block no longer current: Block { prefix: Prefix(), version: 1, members: {2557536182303153451, 6425610967652444758} }
Node(10037328560925727304): new current block: Block { prefix: Prefix(), version: 2, members: {2557536182303153451, 6425610967652444758, 10037328560925727304} }
Node(2557536182303153451): received agreement for Vote { from: Block { prefix: Prefix(), version: 0, members: {2557536182303153451} }, to: Block { prefix: Prefix(), version: 1, members: {2557536182303153451, 6425610967652444758} } } from 10037328560925727304
-- step 14 --
Node(9375979355847809525): starting up!
Node(2557536182303153451): received agreement for Vote { from: Block { prefix: Prefix(), version: 1, members: {2557536182303153451, 6425610967652444758} }, to: Block { prefix: Prefix(), version: 2, members: {2557536182303153451, 6425610967652444758, 10037328560925727304} } } from 6425610967652444758
Node(10037328560925727304): received agreement for Vote { from: Block { prefix: Prefix(), version: 1, members: {2557536182303153451, 6425610967652444758} }, to: Block { prefix: Prefix(), version: 2, members: {2557536182303153451, 6425610967652444758, 10037328560925727304} } } from 6425610967652444758
Node(6425610967652444758): received agreement for Vote { from: Block { prefix: Prefix(), version: 0, members: {2557536182303153451} }, to: Block { prefix: Prefix(), version: 1, members: {2557536182303153451, 6425610967652444758} } } from 10037328560925727304
Node(2557536182303153451): received agreement for Vote { from: Block { prefix: Prefix(), version: 1, members: {2557536182303153451, 6425610967652444758} }, to: Block { prefix: Prefix(), version: 2, members: {2557536182303153451, 6425610967652444758, 10037328560925727304} } } from 10037328560925727304
Node(6425610967652444758): received agreement for Vote { from: Block { prefix: Prefix(), version: 1, members: {2557536182303153451, 6425610967652444758} }, to: Block { prefix: Prefix(), version: 2, members: {2557536182303153451, 6425610967652444758, 10037328560925727304} } } from 10037328560925727304
-- step 15 --
Node(2557536182303153451): received join message for: 9375979355847809525
Node(2557536182303153451): peer 9375979355847809525 is missing from current block: Block { prefix: Prefix(), version: 2, members: {2557536182303153451, 6425610967652444758, 10037328560925727304} }
Node(2557536182303153451): voting for Vote { from: Block { prefix: Prefix(), version: 2, members: {2557536182303153451, 6425610967652444758, 10037328560925727304} }, to: Block { prefix: Prefix(), version: 3, members: {2557536182303153451, 6425610967652444758, 9375979355847809525, 10037328560925727304} } } based on our view
-- step 16 --
Node(11282725781903169517): starting up!
Node(6425610967652444758): received agreement for Vote { from: Block { prefix: Prefix(), version: 1, members: {2557536182303153451, 6425610967652444758} }, to: Block { prefix: Prefix(), version: 2, members: {2557536182303153451, 6425610967652444758, 10037328560925727304} } } from 2557536182303153451
Node(10037328560925727304): received agreement for Vote { from: Block { prefix: Prefix(), version: 1, members: {2557536182303153451, 6425610967652444758} }, to: Block { prefix: Prefix(), version: 2, members: {2557536182303153451, 6425610967652444758, 10037328560925727304} } } from 2557536182303153451
Node(10037328560925727304): received join message for: 9375979355847809525
Node(10037328560925727304): peer 9375979355847809525 is missing from current block: Block { prefix: Prefix(), version: 2, members: {2557536182303153451, 6425610967652444758, 10037328560925727304} }
Node(10037328560925727304): voting for Vote { from: Block { prefix: Prefix(), version: 2, members: {2557536182303153451, 6425610967652444758, 10037328560925727304} }, to: Block { prefix: Prefix(), version: 3, members: {2557536182303153451, 6425610967652444758, 9375979355847809525, 10037328560925727304} } } based on our view
Node(9375979355847809525): applying bootstrap message from 2557536182303153451
Node(9375979355847809525): new valid block: Block { prefix: Prefix(), version: 1, members: {2557536182303153451, 6425610967652444758} }
Node(9375979355847809525): block no longer current: Block { prefix: Prefix(), version: 0, members: {2557536182303153451} }
Node(9375979355847809525): new current block: Block { prefix: Prefix(), version: 1, members: {2557536182303153451, 6425610967652444758} }
Node(9375979355847809525): new valid block: Block { prefix: Prefix(), version: 2, members: {2557536182303153451, 6425610967652444758, 10037328560925727304} }
Node(9375979355847809525): block no longer current: Block { prefix: Prefix(), version: 1, members: {2557536182303153451, 6425610967652444758} }
Node(9375979355847809525): new current block: Block { prefix: Prefix(), version: 2, members: {2557536182303153451, 6425610967652444758, 10037328560925727304} }
-- step 17 --
Node(10037328560925727304): received Vote { from: Block { prefix: Prefix(), version: 1, members: {2557536182303153451, 6425610967652444758} }, to: Block { prefix: Prefix(), version: 2, members: {2557536182303153451, 6425610967652444758, 10037328560925727304} } } from 6425610967652444758
Node(10037328560925727304): peer 9375979355847809525 is missing from current block: Block { prefix: Prefix(), version: 2, members: {2557536182303153451, 6425610967652444758, 10037328560925727304} }
Node(10037328560925727304): voting for Vote { from: Block { prefix: Prefix(), version: 2, members: {2557536182303153451, 6425610967652444758, 10037328560925727304} }, to: Block { prefix: Prefix(), version: 3, members: {2557536182303153451, 6425610967652444758, 9375979355847809525, 10037328560925727304} } } based on our view
Node(2557536182303153451): received join message for: 11282725781903169517
Node(2557536182303153451): peer 9375979355847809525 is missing from current block: Block { prefix: Prefix(), version: 2, members: {2557536182303153451, 6425610967652444758, 10037328560925727304} }
Node(2557536182303153451): peer 11282725781903169517 is missing from current block: Block { prefix: Prefix(), version: 2, members: {2557536182303153451, 6425610967652444758, 10037328560925727304} }
Node(2557536182303153451): voting for Vote { from: Block { prefix: Prefix(), version: 2, members: {2557536182303153451, 6425610967652444758, 10037328560925727304} }, to: Block { prefix: Prefix(), version: 3, members: {2557536182303153451, 6425610967652444758, 9375979355847809525, 10037328560925727304} } } based on our view
Node(2557536182303153451): voting for Vote { from: Block { prefix: Prefix(), version: 2, members: {2557536182303153451, 6425610967652444758, 10037328560925727304} }, to: Block { prefix: Prefix(), version: 3, members: {2557536182303153451, 6425610967652444758, 10037328560925727304, 11282725781903169517} } } based on our view
Node(6425610967652444758): received join message for: 11282725781903169517
Node(6425610967652444758): peer 11282725781903169517 is missing from current block: Block { prefix: Prefix(), version: 2, members: {2557536182303153451, 6425610967652444758, 10037328560925727304} }
Node(6425610967652444758): voting for Vote { from: Block { prefix: Prefix(), version: 2, members: {2557536182303153451, 6425610967652444758, 10037328560925727304} }, to: Block { prefix: Prefix(), version: 3, members: {2557536182303153451, 6425610967652444758, 10037328560925727304, 11282725781903169517} } } based on our view
Node(2557536182303153451): received Vote { from: Block { prefix: Prefix(), version: 2, members: {2557536182303153451, 6425610967652444758, 10037328560925727304} }, to: Block { prefix: Prefix(), version: 3, members: {2557536182303153451, 6425610967652444758, 9375979355847809525, 10037328560925727304} } } from 10037328560925727304
Node(2557536182303153451): new valid block: Block { prefix: Prefix(), version: 3, members: {2557536182303153451, 6425610967652444758, 9375979355847809525, 10037328560925727304} }
Node(2557536182303153451): block no longer current: Block { prefix: Prefix(), version: 2, members: {2557536182303153451, 6425610967652444758, 10037328560925727304} }
Node(2557536182303153451): new current block: Block { prefix: Prefix(), version: 3, members: {2557536182303153451, 6425610967652444758, 9375979355847809525, 10037328560925727304} }
Node(2557536182303153451): peer 11282725781903169517 is missing from current block: Block { prefix: Prefix(), version: 3, members: {2557536182303153451, 6425610967652444758, 9375979355847809525, 10037328560925727304} }
Node(2557536182303153451): voting for Vote { from: Block { prefix: Prefix(), version: 3, members: {2557536182303153451, 6425610967652444758, 9375979355847809525, 10037328560925727304} }, to: Block { prefix: Prefix(), version: 4, members: {2557536182303153451, 6425610967652444758, 9375979355847809525, 10037328560925727304, 11282725781903169517} } } based on our view
Node(6425610967652444758): received agreement for Vote { from: Block { prefix: Prefix(), version: 0, members: {2557536182303153451} }, to: Block { prefix: Prefix(), version: 1, members: {2557536182303153451, 6425610967652444758} } } from 9375979355847809525
Node(6425610967652444758): peer 11282725781903169517 is missing from current block: Block { prefix: Prefix(), version: 2, members: {2557536182303153451, 6425610967652444758, 10037328560925727304} }
Node(6425610967652444758): voting for Vote { from: Block { prefix: Prefix(), version: 2, members: {2557536182303153451, 6425610967652444758, 10037328560925727304} }, to: Block { prefix: Prefix(), version: 3, members: {2557536182303153451, 6425610967652444758, 10037328560925727304, 11282725781903169517} } } based on our view
Node(6425610967652444758): received agreement for Vote { from: Block { prefix: Prefix(), version: 1, members: {2557536182303153451, 6425610967652444758} }, to: Block { prefix: Prefix(), version: 2, members: {2557536182303153451, 6425610967652444758, 10037328560925727304} } } from 9375979355847809525
Node(6425610967652444758): peer 11282725781903169517 is missing from current block: Block { prefix: Prefix(), version: 2, members: {2557536182303153451, 6425610967652444758, 10037328560925727304} }
Node(6425610967652444758): voting for Vote { from: Block { prefix: Prefix(), version: 2, members: {2557536182303153451, 6425610967652444758, 10037328560925727304} }, to: Block { prefix: Prefix(), version: 3, members: {2557536182303153451, 6425610967652444758, 10037328560925727304, 11282725781903169517} } } based on our view
Node(10037328560925727304): received agreement for Vote { from: Block { prefix: Prefix(), version: 1, members: {2557536182303153451, 6425610967652444758} }, to: Block { prefix: Prefix(), version: 2, members: {2557536182303153451, 6425610967652444758, 10037328560925727304} } } from 9375979355847809525
Node(10037328560925727304): peer 9375979355847809525 is missing from current block: Block { prefix: Prefix(), version: 2, members: {2557536182303153451, 6425610967652444758, 10037328560925727304} }
Node(10037328560925727304): voting for Vote { from: Block { prefix: Prefix(), version: 2, members: {2557536182303153451, 6425610967652444758, 10037328560925727304} }, to: Block { prefix: Prefix(), version: 3, members: {2557536182303153451, 6425610967652444758, 9375979355847809525, 10037328560925727304} } } based on our view
-- step 18 --
Node(6425610967652444758): received join message for: 9375979355847809525
Node(6425610967652444758): peer 9375979355847809525 is missing from current block: Block { prefix: Prefix(), version: 2, members: {2557536182303153451, 6425610967652444758, 10037328560925727304} }
Node(6425610967652444758): peer 11282725781903169517 is missing from current block: Block { prefix: Prefix(), version: 2, members: {2557536182303153451, 6425610967652444758, 10037328560925727304} }
Node(6425610967652444758): voting for Vote { from: Block { prefix: Prefix(), version: 2, members: {2557536182303153451, 6425610967652444758, 10037328560925727304} }, to: Block { prefix: Prefix(), version: 3, members: {2557536182303153451, 6425610967652444758, 9375979355847809525, 10037328560925727304} } } based on our view
Node(6425610967652444758): voting for Vote { from: Block { prefix: Prefix(), version: 2, members: {2557536182303153451, 6425610967652444758, 10037328560925727304} }, to: Block { prefix: Prefix(), version: 3, members: {2557536182303153451, 6425610967652444758, 10037328560925727304, 11282725781903169517} } } based on our view
Node(9375979355847809525): received Vote { from: Block { prefix: Prefix(), version: 2, members: {2557536182303153451, 6425610967652444758, 10037328560925727304} }, to: Block { prefix: Prefix(), version: 3, members: {2557536182303153451, 6425610967652444758, 9375979355847809525, 10037328560925727304} } } from 2557536182303153451
Node(10037328560925727304): received Vote { from: Block { prefix: Prefix(), version: 2, members: {2557536182303153451, 6425610967652444758, 10037328560925727304} }, to: Block { prefix: Prefix(), version: 3, members: {2557536182303153451, 6425610967652444758, 9375979355847809525, 10037328560925727304} } } from 2557536182303153451
Node(10037328560925727304): new valid block: Block { prefix: Prefix(), version: 3, members: {2557536182303153451, 6425610967652444758, 9375979355847809525, 10037328560925727304} }
Node(10037328560925727304): block no longer current: Block { prefix: Prefix(), version: 2, members: {2557536182303153451, 6425610967652444758, 10037328560925727304} }
Node(10037328560925727304): new current block: Block { prefix: Prefix(), version: 3, members: {2557536182303153451, 6425610967652444758, 9375979355847809525, 10037328560925727304} }
Node(9375979355847809525): received join message for: 11282725781903169517
Node(9375979355847809525): peer 11282725781903169517 is missing from current block: Block { prefix: Prefix(), version: 2, members: {2557536182303153451, 6425610967652444758, 10037328560925727304} }
Node(9375979355847809525): voting for Vote { from: Block { prefix: Prefix(), version: 2, members: {2557536182303153451, 6425610967652444758, 10037328560925727304} }, to: Block { prefix: Prefix(), version: 3, members: {2557536182303153451, 6425610967652444758, 10037328560925727304, 11282725781903169517} } } based on our view
Node(10037328560925727304): received join message for: 11282725781903169517
Node(10037328560925727304): peer 11282725781903169517 is missing from current block: Block { prefix: Prefix(), version: 3, members: {2557536182303153451, 6425610967652444758, 9375979355847809525, 10037328560925727304} }
Node(10037328560925727304): voting for Vote { from: Block { prefix: Prefix(), version: 3, members: {2557536182303153451, 6425610967652444758, 9375979355847809525, 10037328560925727304} }, to: Block { prefix: Prefix(), version: 4, members: {2557536182303153451, 6425610967652444758, 9375979355847809525, 10037328560925727304, 11282725781903169517} } } based on our view
Node(2557536182303153451): received agreement for Vote { from: Block { prefix: Prefix(), version: 0, members: {2557536182303153451} }, to: Block { prefix: Prefix(), version: 1, members: {2557536182303153451, 6425610967652444758} } } from 9375979355847809525
Node(2557536182303153451): peer 11282725781903169517 is missing from current block: Block { prefix: Prefix(), version: 3, members: {2557536182303153451, 6425610967652444758, 9375979355847809525, 10037328560925727304} }
Node(2557536182303153451): voting for Vote { from: Block { prefix: Prefix(), version: 3, members: {2557536182303153451, 6425610967652444758, 9375979355847809525, 10037328560925727304} }, to: Block { prefix: Prefix(), version: 4, members: {2557536182303153451, 6425610967652444758, 9375979355847809525, 10037328560925727304, 11282725781903169517} } } based on our view
Node(2557536182303153451): received agreement for Vote { from: Block { prefix: Prefix(), version: 1, members: {2557536182303153451, 6425610967652444758} }, to: Block { prefix: Prefix(), version: 2, members: {2557536182303153451, 6425610967652444758, 10037328560925727304} } } from 9375979355847809525
Node(2557536182303153451): peer 11282725781903169517 is missing from current block: Block { prefix: Prefix(), version: 3, members: {2557536182303153451, 6425610967652444758, 9375979355847809525, 10037328560925727304} }
Node(2557536182303153451): voting for Vote { from: Block { prefix: Prefix(), version: 3, members: {2557536182303153451, 6425610967652444758, 9375979355847809525, 10037328560925727304} }, to: Block { prefix: Prefix(), version: 4, members: {2557536182303153451, 6425610967652444758, 9375979355847809525, 10037328560925727304, 11282725781903169517} } } based on our view
Node(11282725781903169517): received Vote { from: Block { prefix: Prefix(), version: 2, members: {2557536182303153451, 6425610967652444758, 10037328560925727304} }, to: Block { prefix: Prefix(), version: 3, members: {2557536182303153451, 6425610967652444758, 9375979355847809525, 10037328560925727304} } } from 2557536182303153451
Node(10037328560925727304): received Vote { from: Block { prefix: Prefix(), version: 2, members: {2557536182303153451, 6425610967652444758, 10037328560925727304} }, to: Block { prefix: Prefix(), version: 3, members: {2557536182303153451, 6425610967652444758, 10037328560925727304, 11282725781903169517} } } from 6425610967652444758
Node(10037328560925727304): peer 11282725781903169517 is missing from current block: Block { prefix: Prefix(), version: 3, members: {2557536182303153451, 6425610967652444758, 9375979355847809525, 10037328560925727304} }
Node(10037328560925727304): voting for Vote { from: Block { prefix: Prefix(), version: 3, members: {2557536182303153451, 6425610967652444758, 9375979355847809525, 10037328560925727304} }, to: Block { prefix: Prefix(), version: 4, members: {2557536182303153451, 6425610967652444758, 9375979355847809525, 10037328560925727304, 11282725781903169517} } } based on our view
Node(6425610967652444758): received agreement for Vote { from: Block { prefix: Prefix(), version: 2, members: {2557536182303153451, 6425610967652444758, 10037328560925727304} }, to: Block { prefix: Prefix(), version: 3, members: {2557536182303153451, 6425610967652444758, 9375979355847809525, 10037328560925727304} } } from 2557536182303153451
Node(6425610967652444758): new valid block: Block { prefix: Prefix(), version: 3, members: {2557536182303153451, 6425610967652444758, 9375979355847809525, 10037328560925727304} }
Node(6425610967652444758): block no longer current: Block { prefix: Prefix(), version: 2, members: {2557536182303153451, 6425610967652444758, 10037328560925727304} }
Node(6425610967652444758): new current block: Block { prefix: Prefix(), version: 3, members: {2557536182303153451, 6425610967652444758, 9375979355847809525, 10037328560925727304} }
Node(6425610967652444758): peer 11282725781903169517 is missing from current block: Block { prefix: Prefix(), version: 3, members: {2557536182303153451, 6425610967652444758, 9375979355847809525, 10037328560925727304} }
Node(6425610967652444758): voting for Vote { from: Block { prefix: Prefix(), version: 3, members: {2557536182303153451, 6425610967652444758, 9375979355847809525, 10037328560925727304} }, to: Block { prefix: Prefix(), version: 4, members: {2557536182303153451, 6425610967652444758, 9375979355847809525, 10037328560925727304, 11282725781903169517} } } based on our view
Node(10037328560925727304): received agreement for Vote { from: Block { prefix: Prefix(), version: 2, members: {2557536182303153451, 6425610967652444758, 10037328560925727304} }, to: Block { prefix: Prefix(), version: 3, members: {2557536182303153451, 6425610967652444758, 9375979355847809525, 10037328560925727304} } } from 2557536182303153451
Node(10037328560925727304): peer 11282725781903169517 is missing from current block: Block { prefix: Prefix(), version: 3, members: {2557536182303153451, 6425610967652444758, 9375979355847809525, 10037328560925727304} }
Node(10037328560925727304): voting for Vote { from: Block { prefix: Prefix(), version: 3, members: {2557536182303153451, 6425610967652444758, 9375979355847809525, 10037328560925727304} }, to: Block { prefix: Prefix(), version: 4, members: {2557536182303153451, 6425610967652444758, 9375979355847809525, 10037328560925727304, 11282725781903169517} } } based on our view
Node(6425610967652444758): received Vote { from: Block { prefix: Prefix(), version: 3, members: {2557536182303153451, 6425610967652444758, 9375979355847809525, 10037328560925727304} }, to: Block { prefix: Prefix(), version: 4, members: {2557536182303153451, 6425610967652444758, 9375979355847809525, 10037328560925727304, 11282725781903169517} } } from 2557536182303153451
Node(6425610967652444758): peer 11282725781903169517 is missing from current block: Block { prefix: Prefix(), version: 3, members: {2557536182303153451, 6425610967652444758, 9375979355847809525, 10037328560925727304} }
Node(6425610967652444758): voting for Vote { from: Block { prefix: Prefix(), version: 3, members: {2557536182303153451, 6425610967652444758, 9375979355847809525, 10037328560925727304} }, to: Block { prefix: Prefix(), version: 4, members: {2557536182303153451, 6425610967652444758, 9375979355847809525, 10037328560925727304, 11282725781903169517} } } based on our view
Node(10037328560925727304): received Vote { from: Block { prefix: Prefix(), version: 3, members: {2557536182303153451, 6425610967652444758, 9375979355847809525, 10037328560925727304} }, to: Block { prefix: Prefix(), version: 4, members: {2557536182303153451, 6425610967652444758, 9375979355847809525, 10037328560925727304, 11282725781903169517} } } from 2557536182303153451
Node(10037328560925727304): peer 11282725781903169517 is missing from current block: Block { prefix: Prefix(), version: 3, members: {2557536182303153451, 6425610967652444758, 9375979355847809525, 10037328560925727304} }
Node(10037328560925727304): voting for Vote { from: Block { prefix: Prefix(), version: 3, members: {2557536182303153451, 6425610967652444758, 9375979355847809525, 10037328560925727304} }, to: Block { prefix: Prefix(), version: 4, members: {2557536182303153451, 6425610967652444758, 9375979355847809525, 10037328560925727304, 11282725781903169517} } } based on our view
-- step 19 --
Node(6425610967652444758): received Vote { from: Block { prefix: Prefix(), version: 2, members: {2557536182303153451, 6425610967652444758, 10037328560925727304} }, to: Block { prefix: Prefix(), version: 3, members: {2557536182303153451, 6425610967652444758, 9375979355847809525, 10037328560925727304} } } from 2557536182303153451
Node(6425610967652444758): peer 11282725781903169517 is missing from current block: Block { prefix: Prefix(), version: 3, members: {2557536182303153451, 6425610967652444758, 9375979355847809525, 10037328560925727304} }
Node(6425610967652444758): voting for Vote { from: Block { prefix: Prefix(), version: 3, members: {2557536182303153451, 6425610967652444758, 9375979355847809525, 10037328560925727304} }, to: Block { prefix: Prefix(), version: 4, members: {2557536182303153451, 6425610967652444758, 9375979355847809525, 10037328560925727304, 11282725781903169517} } } based on our view
Node(6425610967652444758): received Vote { from: Block { prefix: Prefix(), version: 2, members: {2557536182303153451, 6425610967652444758, 10037328560925727304} }, to: Block { prefix: Prefix(), version: 3, members: {2557536182303153451, 6425610967652444758, 9375979355847809525, 10037328560925727304} } } from 10037328560925727304
Node(6425610967652444758): peer 11282725781903169517 is missing from current block: Block { prefix: Prefix(), version: 3, members: {2557536182303153451, 6425610967652444758, 9375979355847809525, 10037328560925727304} }
Node(6425610967652444758): voting for Vote { from: Block { prefix: Prefix(), version: 3, members: {2557536182303153451, 6425610967652444758, 9375979355847809525, 10037328560925727304} }, to: Block { prefix: Prefix(), version: 4, members: {2557536182303153451, 6425610967652444758, 9375979355847809525, 10037328560925727304, 11282725781903169517} } } based on our view
Node(6425610967652444758): received Vote { from: Block { prefix: Prefix(), version: 2, members: {2557536182303153451, 6425610967652444758, 10037328560925727304} }, to: Block { prefix: Prefix(), version: 3, members: {2557536182303153451, 6425610967652444758, 10037328560925727304, 11282725781903169517} } } from 2557536182303153451
Node(6425610967652444758): new valid block: Block { prefix: Prefix(), version: 3, members: {2557536182303153451, 6425610967652444758, 10037328560925727304, 11282725781903169517} }
Node(6425610967652444758): peer 11282725781903169517 is missing from current block: Block { prefix: Prefix(), version: 3, members: {2557536182303153451, 6425610967652444758, 9375979355847809525, 10037328560925727304} }
Node(6425610967652444758): voting for Vote { from: Block { prefix: Prefix(), version: 3, members: {2557536182303153451, 6425610967652444758, 9375979355847809525, 10037328560925727304} }, to: Block { prefix: Prefix(), version: 4, members: {2557536182303153451, 6425610967652444758, 9375979355847809525, 10037328560925727304, 11282725781903169517} } } based on our view
Node(10037328560925727304): received Vote { from: Block { prefix: Prefix(), version: 2, members: {2557536182303153451, 6425610967652444758, 10037328560925727304} }, to: Block { prefix: Prefix(), version: 3, members: {2557536182303153451, 6425610967652444758, 10037328560925727304, 11282725781903169517} } } from 2557536182303153451
Node(10037328560925727304): new valid block: Block { prefix: Prefix(), version: 3, members: {2557536182303153451, 6425610967652444758, 10037328560925727304, 11282725781903169517} }
Node(10037328560925727304): peer 11282725781903169517 is missing from current block: Block { prefix: Prefix(), version: 3, members: {2557536182303153451, 6425610967652444758, 9375979355847809525, 10037328560925727304} }
Node(10037328560925727304): voting for Vote { from: Block { prefix: Prefix(), version: 3, members: {2557536182303153451, 6425610967652444758, 9375979355847809525, 10037328560925727304} }, to: Block { prefix: Prefix(), version: 4, members: {2557536182303153451, 6425610967652444758, 9375979355847809525, 10037328560925727304, 11282725781903169517} } } based on our view
Node(11282725781903169517): received Vote { from: Block { prefix: Prefix(), version: 2, members: {2557536182303153451, 6425610967652444758, 10037328560925727304} }, to: Block { prefix: Prefix(), version: 3, members: {2557536182303153451, 6425610967652444758, 10037328560925727304, 11282725781903169517} } } from 2557536182303153451
Node(11282725781903169517): applying bootstrap message from 2557536182303153451
Node(11282725781903169517): new valid block: Block { prefix: Prefix(), version: 1, members: {2557536182303153451, 6425610967652444758} }
Node(11282725781903169517): block no longer current: Block { prefix: Prefix(), version: 0, members: {2557536182303153451} }
Node(11282725781903169517): new current block: Block { prefix: Prefix(), version: 1, members: {2557536182303153451, 6425610967652444758} }
Node(11282725781903169517): new valid block: Block { prefix: Prefix(), version: 2, members: {2557536182303153451, 6425610967652444758, 10037328560925727304} }
Node(11282725781903169517): block no longer current: Block { prefix: Prefix(), version: 1, members: {2557536182303153451, 6425610967652444758} }
Node(11282725781903169517): new current block: Block { prefix: Prefix(), version: 2, members: {2557536182303153451, 6425610967652444758, 10037328560925727304} }
Node(9375979355847809525): received agreement for Vote { from: Block { prefix: Prefix(), version: 2, members: {2557536182303153451, 6425610967652444758, 10037328560925727304} }, to: Block { prefix: Prefix(), version: 3, members: {2557536182303153451, 6425610967652444758, 9375979355847809525, 10037328560925727304} } } from 2557536182303153451
Node(9375979355847809525): new valid block: Block { prefix: Prefix(), version: 3, members: {2557536182303153451, 6425610967652444758, 9375979355847809525, 10037328560925727304} }
Node(9375979355847809525): block no longer current: Block { prefix: Prefix(), version: 2, members: {2557536182303153451, 6425610967652444758, 10037328560925727304} }
Node(9375979355847809525): new current block: Block { prefix: Prefix(), version: 3, members: {2557536182303153451, 6425610967652444758, 9375979355847809525, 10037328560925727304} }
Node(9375979355847809525): peer 11282725781903169517 is missing from current block: Block { prefix: Prefix(), version: 3, members: {2557536182303153451, 6425610967652444758, 9375979355847809525, 10037328560925727304} }
Node(9375979355847809525): voting for Vote { from: Block { prefix: Prefix(), version: 3, members: {2557536182303153451, 6425610967652444758, 9375979355847809525, 10037328560925727304} }, to: Block { prefix: Prefix(), version: 4, members: {2557536182303153451, 6425610967652444758, 9375979355847809525, 10037328560925727304, 11282725781903169517} } } based on our view
Node(2557536182303153451): received Vote { from: Block { prefix: Prefix(), version: 2, members: {2557536182303153451, 6425610967652444758, 10037328560925727304} }, to: Block { prefix: Prefix(), version: 3, members: {2557536182303153451, 6425610967652444758, 9375979355847809525, 10037328560925727304} } } from 6425610967652444758
Node(2557536182303153451): peer 11282725781903169517 is missing from current block: Block { prefix: Prefix(), version: 3, members: {2557536182303153451, 6425610967652444758, 9375979355847809525, 10037328560925727304} }
Node(2557536182303153451): voting for Vote { from: Block { prefix: Prefix(), version: 3, members: {2557536182303153451, 6425610967652444758, 9375979355847809525, 10037328560925727304} }, to: Block { prefix: Prefix(), version: 4, members: {2557536182303153451, 6425610967652444758, 9375979355847809525, 10037328560925727304, 11282725781903169517} } } based on our view
Node(9375979355847809525): received Vote { from: Block { prefix: Prefix(), version: 2, members: {2557536182303153451, 6425610967652444758, 10037328560925727304} }, to: Block { prefix: Prefix(), version: 3, members: {2557536182303153451, 6425610967652444758, 9375979355847809525, 10037328560925727304} } } from 6425610967652444758
Node(9375979355847809525): peer 11282725781903169517 is missing from current block: Block { prefix: Prefix(), version: 3, members: {2557536182303153451, 6425610967652444758, 9375979355847809525, 10037328560925727304} }
Node(9375979355847809525): voting for Vote { from: Block { prefix: Prefix(), version: 3, members: {2557536182303153451, 6425610967652444758, 9375979355847809525, 10037328560925727304} }, to: Block { prefix: Prefix(), version: 4, members: {2557536182303153451, 6425610967652444758, 9375979355847809525, 10037328560925727304, 11282725781903169517} } } based on our view
Node(10037328560925727304): received Vote { from: Block { prefix: Prefix(), version: 2, members: {2557536182303153451, 6425610967652444758, 10037328560925727304} }, to: Block { prefix: Prefix(), version: 3, members: {2557536182303153451, 6425610967652444758, 9375979355847809525, 10037328560925727304} } } from 6425610967652444758
Node(10037328560925727304): peer 11282725781903169517 is missing from current block: Block { prefix: Prefix(), version: 3, members: {2557536182303153451, 6425610967652444758, 9375979355847809525, 10037328560925727304} }
Node(10037328560925727304): voting for Vote { from: Block { prefix: Prefix(), version: 3, members: {2557536182303153451, 6425610967652444758, 9375979355847809525, 10037328560925727304} }, to: Block { prefix: Prefix(), version: 4, members: {2557536182303153451, 6425610967652444758, 9375979355847809525, 10037328560925727304, 11282725781903169517} } } based on our view
Node(2557536182303153451): received agreement for Vote { from: Block { prefix: Prefix(), version: 2, members: {2557536182303153451, 6425610967652444758, 10037328560925727304} }, to: Block { prefix: Prefix(), version: 3, members: {2557536182303153451, 6425610967652444758, 9375979355847809525, 10037328560925727304} } } from 10037328560925727304
Node(2557536182303153451): peer 11282725781903169517 is missing from current block: Block { prefix: Prefix(), version: 3, members: {2557536182303153451, 6425610967652444758, 9375979355847809525, 10037328560925727304} }
Node(2557536182303153451): voting for Vote { from: Block { prefix: Prefix(), version: 3, members: {2557536182303153451, 6425610967652444758, 9375979355847809525, 10037328560925727304} }, to: Block { prefix: Prefix(), version: 4, members: {2557536182303153451, 6425610967652444758, 9375979355847809525, 10037328560925727304, 11282725781903169517} } } based on our view
Node(6425610967652444758): received agreement for Vote { from: Block { prefix: Prefix(), version: 2, members: {2557536182303153451, 6425610967652444758, 10037328560925727304} }, to: Block { prefix: Prefix(), version: 3, members: {2557536182303153451, 6425610967652444758, 9375979355847809525, 10037328560925727304} } } from 10037328560925727304
Node(6425610967652444758): peer 11282725781903169517 is missing from current block: Block { prefix: Prefix(), version: 3, members: {2557536182303153451, 6425610967652444758, 9375979355847809525, 10037328560925727304} }
Node(6425610967652444758): voting for Vote { from: Block { prefix: Prefix(), version: 3, members: {2557536182303153451, 6425610967652444758, 9375979355847809525, 10037328560925727304} }, to: Block { prefix: Prefix(), version: 4, members: {2557536182303153451, 6425610967652444758, 9375979355847809525, 10037328560925727304, 11282725781903169517} } } based on our view
Node(11282725781903169517): received Vote { from: Block { prefix: Prefix(), version: 2, members: {2557536182303153451, 6425610967652444758, 10037328560925727304} }, to: Block { prefix: Prefix(), version: 3, members: {2557536182303153451, 6425610967652444758, 10037328560925727304, 11282725781903169517} } } from 9375979355847809525
Node(11282725781903169517): applying bootstrap message from 9375979355847809525
Node(9375979355847809525): received Vote { from: Block { prefix: Prefix(), version: 3, members: {2557536182303153451, 6425610967652444758, 9375979355847809525, 10037328560925727304} }, to: Block { prefix: Prefix(), version: 4, members: {2557536182303153451, 6425610967652444758, 9375979355847809525, 10037328560925727304, 11282725781903169517} } } from 10037328560925727304
Node(9375979355847809525): peer 11282725781903169517 is missing from current block: Block { prefix: Prefix(), version: 3, members: {2557536182303153451, 6425610967652444758, 9375979355847809525, 10037328560925727304} }
Node(9375979355847809525): voting for Vote { from: Block { prefix: Prefix(), version: 3, members: {2557536182303153451, 6425610967652444758, 9375979355847809525, 10037328560925727304} }, to: Block { prefix: Prefix(), version: 4, members: {2557536182303153451, 6425610967652444758, 9375979355847809525, 10037328560925727304, 11282725781903169517} } } based on our view
Node(11282725781903169517): received Vote { from: Block { prefix: Prefix(), version: 3, members: {2557536182303153451, 6425610967652444758, 9375979355847809525, 10037328560925727304} }, to: Block { prefix: Prefix(), version: 4, members: {2557536182303153451, 6425610967652444758, 9375979355847809525, 10037328560925727304, 11282725781903169517} } } from 10037328560925727304
Node(9375979355847809525): received agreement for Vote { from: Block { prefix: Prefix(), version: 2, members: {2557536182303153451, 6425610967652444758, 10037328560925727304} }, to: Block { prefix: Prefix(), version: 3, members: {2557536182303153451, 6425610967652444758, 9375979355847809525, 10037328560925727304} } } from 6425610967652444758
Node(9375979355847809525): peer 11282725781903169517 is missing from current block: Block { prefix: Prefix(), version: 3, members: {2557536182303153451, 6425610967652444758, 9375979355847809525, 10037328560925727304} }
Node(9375979355847809525): voting for Vote { from: Block { prefix: Prefix(), version: 3, members: {2557536182303153451, 6425610967652444758, 9375979355847809525, 10037328560925727304} }, to: Block { prefix: Prefix(), version: 4, members: {2557536182303153451, 6425610967652444758, 9375979355847809525, 10037328560925727304, 11282725781903169517} } } based on our view
Node(11282725781903169517): received agreement for Vote { from: Block { prefix: Prefix(), version: 2, members: {2557536182303153451, 6425610967652444758, 10037328560925727304} }, to: Block { prefix: Prefix(), version: 3, members: {2557536182303153451, 6425610967652444758, 9375979355847809525, 10037328560925727304} } } from 6425610967652444758
Node(11282725781903169517): new valid block: Block { prefix: Prefix(), version: 3, members: {2557536182303153451, 6425610967652444758, 9375979355847809525, 10037328560925727304} }
Node(11282725781903169517): block no longer current: Block { prefix: Prefix(), version: 2, members: {2557536182303153451, 6425610967652444758, 10037328560925727304} }
Node(11282725781903169517): new current block: Block { prefix: Prefix(), version: 3, members: {2557536182303153451, 6425610967652444758, 9375979355847809525, 10037328560925727304} }
-- step 20 --
Node(9375979355847809525): applying bootstrap message from 10037328560925727304
Node(11282725781903169517): received Vote { from: Block { prefix: Prefix(), version: 2, members: {2557536182303153451, 6425610967652444758, 10037328560925727304} }, to: Block { prefix: Prefix(), version: 3, members: {2557536182303153451, 6425610967652444758, 10037328560925727304, 11282725781903169517} } } from 6425610967652444758
Node(11282725781903169517): new valid block: Block { prefix: Prefix(), version: 3, members: {2557536182303153451, 6425610967652444758, 10037328560925727304, 11282725781903169517} }
Node(11282725781903169517): applying bootstrap message from 6425610967652444758
Node(11282725781903169517): received agreement for Vote { from: Block { prefix: Prefix(), version: 2, members: {2557536182303153451, 6425610967652444758, 10037328560925727304} }, to: Block { prefix: Prefix(), version: 3, members: {2557536182303153451, 6425610967652444758, 9375979355847809525, 10037328560925727304} } } from 2557536182303153451
Node(9375979355847809525): received agreement for Vote { from: Block { prefix: Prefix(), version: 2, members: {2557536182303153451, 6425610967652444758, 10037328560925727304} }, to: Block { prefix: Prefix(), version: 3, members: {2557536182303153451, 6425610967652444758, 9375979355847809525, 10037328560925727304} } } from 10037328560925727304
Node(9375979355847809525): peer 11282725781903169517 is missing from current block: Block { prefix: Prefix(), version: 3, members: {2557536182303153451, 6425610967652444758, 9375979355847809525, 10037328560925727304} }
Node(9375979355847809525): voting for Vote { from: Block { prefix: Prefix(), version: 3, members: {2557536182303153451, 6425610967652444758, 9375979355847809525, 10037328560925727304} }, to: Block { prefix: Prefix(), version: 4, members: {2557536182303153451, 6425610967652444758, 9375979355847809525, 10037328560925727304, 11282725781903169517} } } based on our view
Node(2557536182303153451): received Vote { from: Block { prefix: Prefix(), version: 2, members: {2557536182303153451, 6425610967652444758, 10037328560925727304} }, to: Block { prefix: Prefix(), version: 3, members: {2557536182303153451, 6425610967652444758, 10037328560925727304, 11282725781903169517} } } from 9375979355847809525
Node(2557536182303153451): peer 11282725781903169517 is missing from current block: Block { prefix: Prefix(), version: 3, members: {2557536182303153451, 6425610967652444758, 9375979355847809525, 10037328560925727304} }
Node(2557536182303153451): voting for Vote { from: Block { prefix: Prefix(), version: 3, members: {2557536182303153451, 6425610967652444758, 9375979355847809525, 10037328560925727304} }, to: Block { prefix: Prefix(), version: 4, members: {2557536182303153451, 6425610967652444758, 9375979355847809525, 10037328560925727304, 11282725781903169517} } } based on our view
Node(10037328560925727304): received Vote { from: Block { prefix: Prefix(), version: 2, members: {2557536182303153451, 6425610967652444758, 10037328560925727304} }, to: Block { prefix: Prefix(), version: 3, members: {2557536182303153451, 6425610967652444758, 10037328560925727304, 11282725781903169517} } } from 9375979355847809525
Node(10037328560925727304): peer 11282725781903169517 is missing from current block: Block { prefix: Prefix(), version: 3, members: {2557536182303153451, 6425610967652444758, 9375979355847809525, 10037328560925727304} }
Node(10037328560925727304): voting for Vote { from: Block { prefix: Prefix(), version: 3, members: {2557536182303153451, 6425610967652444758, 9375979355847809525, 10037328560925727304} }, to: Block { prefix: Prefix(), version: 4, members: {2557536182303153451, 6425610967652444758, 9375979355847809525, 10037328560925727304, 11282725781903169517} } } based on our view
Node(2557536182303153451): received Vote { from: Block { prefix: Prefix(), version: 3, members: {2557536182303153451, 6425610967652444758, 9375979355847809525, 10037328560925727304} }, to: Block { prefix: Prefix(), version: 4, members: {2557536182303153451, 6425610967652444758, 9375979355847809525, 10037328560925727304, 11282725781903169517} } } from 10037328560925727304
Node(2557536182303153451): peer 11282725781903169517 is missing from current block: Block { prefix: Prefix(), version: 3, members: {2557536182303153451, 6425610967652444758, 9375979355847809525, 10037328560925727304} }
Node(2557536182303153451): voting for Vote { from: Block { prefix: Prefix(), version: 3, members: {2557536182303153451, 6425610967652444758, 9375979355847809525, 10037328560925727304} }, to: Block { prefix: Prefix(), version: 4, members: {2557536182303153451, 6425610967652444758, 9375979355847809525, 10037328560925727304, 11282725781903169517} } } based on our view
Node(6425610967652444758): received Vote { from: Block { prefix: Prefix(), version: 3, members: {2557536182303153451, 6425610967652444758, 9375979355847809525, 10037328560925727304} }, to: Block { prefix: Prefix(), version: 4, members: {2557536182303153451, 6425610967652444758, 9375979355847809525, 10037328560925727304, 11282725781903169517} } } from 10037328560925727304
Node(6425610967652444758): new valid block: Block { prefix: Prefix(), version: 4, members: {2557536182303153451, 6425610967652444758, 9375979355847809525, 10037328560925727304, 11282725781903169517} }
Node(6425610967652444758): block no longer current: Block { prefix: Prefix(), version: 3, members: {2557536182303153451, 6425610967652444758, 9375979355847809525, 10037328560925727304} }
Node(6425610967652444758): new current block: Block { prefix: Prefix(), version: 4, members: {2557536182303153451, 6425610967652444758, 9375979355847809525, 10037328560925727304, 11282725781903169517} }
Node(10037328560925727304): received agreement for Vote { from: Block { prefix: Prefix(), version: 2, members: {2557536182303153451, 6425610967652444758, 10037328560925727304} }, to: Block { prefix: Prefix(), version: 3, members: {2557536182303153451, 6425610967652444758, 9375979355847809525, 10037328560925727304} } } from 6425610967652444758
Node(10037328560925727304): peer 11282725781903169517 is missing from current block: Block { prefix: Prefix(), version: 3, members: {2557536182303153451, 6425610967652444758, 9375979355847809525, 10037328560925727304} }
Node(10037328560925727304): voting for Vote { from: Block { prefix: Prefix(), version: 3, members: {2557536182303153451, 6425610967652444758, 9375979355847809525, 10037328560925727304} }, to: Block { prefix: Prefix(), version: 4, members: {2557536182303153451, 6425610967652444758, 9375979355847809525, 10037328560925727304, 11282725781903169517} } } based on our view
Node(9375979355847809525): received Vote { from: Block { prefix: Prefix(), version: 3, members: {2557536182303153451, 6425610967652444758, 9375979355847809525, 10037328560925727304} }, to: Block { prefix: Prefix(), version: 4, members: {2557536182303153451, 6425610967652444758, 9375979355847809525, 10037328560925727304, 11282725781903169517} } } from 6425610967652444758
Node(9375979355847809525): new valid block: Block { prefix: Prefix(), version: 4, members: {2557536182303153451, 6425610967652444758, 9375979355847809525, 10037328560925727304, 11282725781903169517} }
Node(9375979355847809525): block no longer current: Block { prefix: Prefix(), version: 3, members: {2557536182303153451, 6425610967652444758, 9375979355847809525, 10037328560925727304} }
Node(9375979355847809525): new current block: Block { prefix: Prefix(), version: 4, members: {2557536182303153451, 6425610967652444758, 9375979355847809525, 10037328560925727304, 11282725781903169517} }
Node(10037328560925727304): received Vote { from: Block { prefix: Prefix(), version: 3, members: {2557536182303153451, 6425610967652444758, 9375979355847809525, 10037328560925727304} }, to: Block { prefix: Prefix(), version: 4, members: {2557536182303153451, 6425610967652444758, 9375979355847809525, 10037328560925727304, 11282725781903169517} } } from 6425610967652444758
Node(10037328560925727304): new valid block: Block { prefix: Prefix(), version: 4, members: {2557536182303153451, 6425610967652444758, 9375979355847809525, 10037328560925727304, 11282725781903169517} }
Node(10037328560925727304): block no longer current: Block { prefix: Prefix(), version: 3, members: {2557536182303153451, 6425610967652444758, 9375979355847809525, 10037328560925727304} }
Node(10037328560925727304): new current block: Block { prefix: Prefix(), version: 4, members: {2557536182303153451, 6425610967652444758, 9375979355847809525, 10037328560925727304, 11282725781903169517} }
Node(9375979355847809525): received agreement for Vote { from: Block { prefix: Prefix(), version: 2, members: {2557536182303153451, 6425610967652444758, 10037328560925727304} }, to: Block { prefix: Prefix(), version: 3, members: {2557536182303153451, 6425610967652444758, 10037328560925727304, 11282725781903169517} } } from 6425610967652444758
Node(9375979355847809525): new valid block: Block { prefix: Prefix(), version: 3, members: {2557536182303153451, 6425610967652444758, 10037328560925727304, 11282725781903169517} }
Node(2557536182303153451): received agreement for Vote { from: Block { prefix: Prefix(), version: 2, members: {2557536182303153451, 6425610967652444758, 10037328560925727304} }, to: Block { prefix: Prefix(), version: 3, members: {2557536182303153451, 6425610967652444758, 10037328560925727304, 11282725781903169517} } } from 10037328560925727304
Node(2557536182303153451): new valid block: Block { prefix: Prefix(), version: 3, members: {2557536182303153451, 6425610967652444758, 10037328560925727304, 11282725781903169517} }
Node(2557536182303153451): peer 11282725781903169517 is missing from current block: Block { prefix: Prefix(), version: 3, members: {2557536182303153451, 6425610967652444758, 9375979355847809525, 10037328560925727304} }
Node(2557536182303153451): voting for Vote { from: Block { prefix: Prefix(), version: 3, members: {2557536182303153451, 6425610967652444758, 9375979355847809525, 10037328560925727304} }, to: Block { prefix: Prefix(), version: 4, members: {2557536182303153451, 6425610967652444758, 9375979355847809525, 10037328560925727304, 11282725781903169517} } } based on our view
Node(9375979355847809525): received agreement for Vote { from: Block { prefix: Prefix(), version: 2, members: {2557536182303153451, 6425610967652444758, 10037328560925727304} }, to: Block { prefix: Prefix(), version: 3, members: {2557536182303153451, 6425610967652444758, 10037328560925727304, 11282725781903169517} } } from 10037328560925727304
Node(11282725781903169517): received agreement for Vote { from: Block { prefix: Prefix(), version: 2, members: {2557536182303153451, 6425610967652444758, 10037328560925727304} }, to: Block { prefix: Prefix(), version: 3, members: {2557536182303153451, 6425610967652444758, 10037328560925727304, 11282725781903169517} } } from 10037328560925727304
Node(2557536182303153451): received agreement for Vote { from: Block { prefix: Prefix(), version: 0, members: {2557536182303153451} }, to: Block { prefix: Prefix(), version: 1, members: {2557536182303153451, 6425610967652444758} } } from 11282725781903169517
Node(2557536182303153451): peer 11282725781903169517 is missing from current block: Block { prefix: Prefix(), version: 3, members: {2557536182303153451, 6425610967652444758, 9375979355847809525, 10037328560925727304} }
Node(2557536182303153451): voting for Vote { from: Block { prefix: Prefix(), version: 3, members: {2557536182303153451, 6425610967652444758, 9375979355847809525, 10037328560925727304} }, to: Block { prefix: Prefix(), version: 4, members: {2557536182303153451, 6425610967652444758, 9375979355847809525, 10037328560925727304, 11282725781903169517} } } based on our view
Node(6425610967652444758): received agreement for Vote { from: Block { prefix: Prefix(), version: 0, members: {2557536182303153451} }, to: Block { prefix: Prefix(), version: 1, members: {2557536182303153451, 6425610967652444758} } } from 11282725781903169517
Node(2557536182303153451): received agreement for Vote { from: Block { prefix: Prefix(), version: 1, members: {2557536182303153451, 6425610967652444758} }, to: Block { prefix: Prefix(), version: 2, members: {2557536182303153451, 6425610967652444758, 10037328560925727304} } } from 11282725781903169517
Node(2557536182303153451): peer 11282725781903169517 is missing from current block: Block { prefix: Prefix(), version: 3, members: {2557536182303153451, 6425610967652444758, 9375979355847809525, 10037328560925727304} }
Node(2557536182303153451): voting for Vote { from: Block { prefix: Prefix(), version: 3, members: {2557536182303153451, 6425610967652444758, 9375979355847809525, 10037328560925727304} }, to: Block { prefix: Prefix(), version: 4, members: {2557536182303153451, 6425610967652444758, 9375979355847809525, 10037328560925727304, 11282725781903169517} } } based on our view
Node(6425610967652444758): received agreement for Vote { from: Block { prefix: Prefix(), version: 1, members: {2557536182303153451, 6425610967652444758} }, to: Block { prefix: Prefix(), version: 2, members: {2557536182303153451, 6425610967652444758, 10037328560925727304} } } from 11282725781903169517
Node(2557536182303153451): received agreement for Vote { from: Block { prefix: Prefix(), version: 2, members: {2557536182303153451, 6425610967652444758, 10037328560925727304} }, to: Block { prefix: Prefix(), version: 3, members: {2557536182303153451, 6425610967652444758, 9375979355847809525, 10037328560925727304} } } from 9375979355847809525
Node(2557536182303153451): peer 11282725781903169517 is missing from current block: Block { prefix: Prefix(), version: 3, members: {2557536182303153451, 6425610967652444758, 9375979355847809525, 10037328560925727304} }
Node(2557536182303153451): voting for Vote { from: Block { prefix: Prefix(), version: 3, members: {2557536182303153451, 6425610967652444758, 9375979355847809525, 10037328560925727304} }, to: Block { prefix: Prefix(), version: 4, members: {2557536182303153451, 6425610967652444758, 9375979355847809525, 10037328560925727304, 11282725781903169517} } } based on our view
Node(11282725781903169517): received agreement for Vote { from: Block { prefix: Prefix(), version: 2, members: {2557536182303153451, 6425610967652444758, 10037328560925727304} }, to: Block { prefix: Prefix(), version: 3, members: {2557536182303153451, 6425610967652444758, 9375979355847809525, 10037328560925727304} } } from 9375979355847809525
Node(2557536182303153451): received Vote { from: Block { prefix: Prefix(), version: 3, members: {2557536182303153451, 6425610967652444758, 9375979355847809525, 10037328560925727304} }, to: Block { prefix: Prefix(), version: 4, members: {2557536182303153451, 6425610967652444758, 9375979355847809525, 10037328560925727304, 11282725781903169517} } } from 9375979355847809525
Node(2557536182303153451): new valid block: Block { prefix: Prefix(), version: 4, members: {2557536182303153451, 6425610967652444758, 9375979355847809525, 10037328560925727304, 11282725781903169517} }
Node(2557536182303153451): block no longer current: Block { prefix: Prefix(), version: 3, members: {2557536182303153451, 6425610967652444758, 9375979355847809525, 10037328560925727304} }
Node(2557536182303153451): new current block: Block { prefix: Prefix(), version: 4, members: {2557536182303153451, 6425610967652444758, 9375979355847809525, 10037328560925727304, 11282725781903169517} }
Node(10037328560925727304): received Vote { from: Block { prefix: Prefix(), version: 3, members: {2557536182303153451, 6425610967652444758, 9375979355847809525, 10037328560925727304} }, to: Block { prefix: Prefix(), version: 4, members: {2557536182303153451, 6425610967652444758, 9375979355847809525, 10037328560925727304, 11282725781903169517} } } from 9375979355847809525
Node(11282725781903169517): received Vote { from: Block { prefix: Prefix(), version: 3, members: {2557536182303153451, 6425610967652444758, 9375979355847809525, 10037328560925727304} }, to: Block { prefix: Prefix(), version: 4, members: {2557536182303153451, 6425610967652444758, 9375979355847809525, 10037328560925727304, 11282725781903169517} } } from 9375979355847809525
-- step 21 --
Node(9375979355847809525): received Vote { from: Block { prefix: Prefix(), version: 2, members: {2557536182303153451, 6425610967652444758, 10037328560925727304} }, to: Block { prefix: Prefix(), version: 3, members: {2557536182303153451, 6425610967652444758, 9375979355847809525, 10037328560925727304} } } from 10037328560925727304
Node(11282725781903169517): received Vote { from: Block { prefix: Prefix(), version: 3, members: {2557536182303153451, 6425610967652444758, 9375979355847809525, 10037328560925727304} }, to: Block { prefix: Prefix(), version: 4, members: {2557536182303153451, 6425610967652444758, 9375979355847809525, 10037328560925727304, 11282725781903169517} } } from 2557536182303153451
Node(11282725781903169517): new valid block: Block { prefix: Prefix(), version: 4, members: {2557536182303153451, 6425610967652444758, 9375979355847809525, 10037328560925727304, 11282725781903169517} }
Node(11282725781903169517): block no longer current: Block { prefix: Prefix(), version: 3, members: {2557536182303153451, 6425610967652444758, 9375979355847809525, 10037328560925727304} }
Node(11282725781903169517): new current block: Block { prefix: Prefix(), version: 4, members: {2557536182303153451, 6425610967652444758, 9375979355847809525, 10037328560925727304, 11282725781903169517} }
Node(9375979355847809525): applying bootstrap message from 6425610967652444758
Node(6425610967652444758): received Vote { from: Block { prefix: Prefix(), version: 2, members: {2557536182303153451, 6425610967652444758, 10037328560925727304} }, to: Block { prefix: Prefix(), version: 3, members: {2557536182303153451, 6425610967652444758, 10037328560925727304, 11282725781903169517} } } from 9375979355847809525
Node(11282725781903169517): applying bootstrap message from 10037328560925727304
Node(2557536182303153451): received agreement for Vote { from: Block { prefix: Prefix(), version: 2, members: {2557536182303153451, 6425610967652444758, 10037328560925727304} }, to: Block { prefix: Prefix(), version: 3, members: {2557536182303153451, 6425610967652444758, 9375979355847809525, 10037328560925727304} } } from 6425610967652444758
Node(2557536182303153451): received agreement for Vote { from: Block { prefix: Prefix(), version: 2, members: {2557536182303153451, 6425610967652444758, 10037328560925727304} }, to: Block { prefix: Prefix(), version: 3, members: {2557536182303153451, 6425610967652444758, 10037328560925727304, 11282725781903169517} } } from 6425610967652444758
Node(11282725781903169517): received agreement for Vote { from: Block { prefix: Prefix(), version: 2, members: {2557536182303153451, 6425610967652444758, 10037328560925727304} }, to: Block { prefix: Prefix(), version: 3, members: {2557536182303153451, 6425610967652444758, 10037328560925727304, 11282725781903169517} } } from 6425610967652444758
Node(10037328560925727304): received agreement for Vote { from: Block { prefix: Prefix(), version: 1, members: {2557536182303153451, 6425610967652444758} }, to: Block { prefix: Prefix(), version: 2, members: {2557536182303153451, 6425610967652444758, 10037328560925727304} } } from 11282725781903169517
Node(6425610967652444758): received agreement for Vote { from: Block { prefix: Prefix(), version: 2, members: {2557536182303153451, 6425610967652444758, 10037328560925727304} }, to: Block { prefix: Prefix(), version: 3, members: {2557536182303153451, 6425610967652444758, 9375979355847809525, 10037328560925727304} } } from 9375979355847809525
Node(2557536182303153451): received agreement for Vote { from: Block { prefix: Prefix(), version: 2, members: {2557536182303153451, 6425610967652444758, 10037328560925727304} }, to: Block { prefix: Prefix(), version: 3, members: {2557536182303153451, 6425610967652444758, 9375979355847809525, 10037328560925727304} } } from 11282725781903169517
Node(9375979355847809525): received agreement for Vote { from: Block { prefix: Prefix(), version: 2, members: {2557536182303153451, 6425610967652444758, 10037328560925727304} }, to: Block { prefix: Prefix(), version: 3, members: {2557536182303153451, 6425610967652444758, 9375979355847809525, 10037328560925727304} } } from 11282725781903169517
Node(10037328560925727304): received agreement for Vote { from: Block { prefix: Prefix(), version: 2, members: {2557536182303153451, 6425610967652444758, 10037328560925727304} }, to: Block { prefix: Prefix(), version: 3, members: {2557536182303153451, 6425610967652444758, 9375979355847809525, 10037328560925727304} } } from 11282725781903169517
Node(2557536182303153451): received agreement for Vote { from: Block { prefix: Prefix(), version: 2, members: {2557536182303153451, 6425610967652444758, 10037328560925727304} }, to: Block { prefix: Prefix(), version: 3, members: {2557536182303153451, 6425610967652444758, 10037328560925727304, 11282725781903169517} } } from 11282725781903169517
Node(6425610967652444758): received agreement for Vote { from: Block { prefix: Prefix(), version: 2, members: {2557536182303153451, 6425610967652444758, 10037328560925727304} }, to: Block { prefix: Prefix(), version: 3, members: {2557536182303153451, 6425610967652444758, 10037328560925727304, 11282725781903169517} } } from 11282725781903169517
Node(9375979355847809525): received agreement for Vote { from: Block { prefix: Prefix(), version: 2, members: {2557536182303153451, 6425610967652444758, 10037328560925727304} }, to: Block { prefix: Prefix(), version: 3, members: {2557536182303153451, 6425610967652444758, 10037328560925727304, 11282725781903169517} } } from 11282725781903169517
Node(9375979355847809525): received agreement for Vote { from: Block { prefix: Prefix(), version: 3, members: {2557536182303153451, 6425610967652444758, 9375979355847809525, 10037328560925727304} }, to: Block { prefix: Prefix(), version: 4, members: {2557536182303153451, 6425610967652444758, 9375979355847809525, 10037328560925727304, 11282725781903169517} } } from 6425610967652444758
Node(11282725781903169517): received agreement for Vote { from: Block { prefix: Prefix(), version: 3, members: {2557536182303153451, 6425610967652444758, 9375979355847809525, 10037328560925727304} }, to: Block { prefix: Prefix(), version: 4, members: {2557536182303153451, 6425610967652444758, 9375979355847809525, 10037328560925727304, 11282725781903169517} } } from 6425610967652444758
Node(10037328560925727304): received agreement for Vote { from: Block { prefix: Prefix(), version: 3, members: {2557536182303153451, 6425610967652444758, 9375979355847809525, 10037328560925727304} }, to: Block { prefix: Prefix(), version: 4, members: {2557536182303153451, 6425610967652444758, 9375979355847809525, 10037328560925727304, 11282725781903169517} } } from 9375979355847809525
Node(6425610967652444758): received agreement for Vote { from: Block { prefix: Prefix(), version: 2, members: {2557536182303153451, 6425610967652444758, 10037328560925727304} }, to: Block { prefix: Prefix(), version: 3, members: {2557536182303153451, 6425610967652444758, 10037328560925727304, 11282725781903169517} } } from 9375979355847809525
Node(11282725781903169517): received agreement for Vote { from: Block { prefix: Prefix(), version: 2, members: {2557536182303153451, 6425610967652444758, 10037328560925727304} }, to: Block { prefix: Prefix(), version: 3, members: {2557536182303153451, 6425610967652444758, 10037328560925727304, 11282725781903169517} } } from 9375979355847809525
Node(10037328560925727304): received agreement for Vote { from: Block { prefix: Prefix(), version: 2, members: {2557536182303153451, 6425610967652444758, 10037328560925727304} }, to: Block { prefix: Prefix(), version: 3, members: {2557536182303153451, 6425610967652444758, 10037328560925727304, 11282725781903169517} } } from 2557536182303153451
Node(11282725781903169517): received agreement for Vote { from: Block { prefix: Prefix(), version: 3, members: {2557536182303153451, 6425610967652444758, 9375979355847809525, 10037328560925727304} }, to: Block { prefix: Prefix(), version: 4, members: {2557536182303153451, 6425610967652444758, 9375979355847809525, 10037328560925727304, 11282725781903169517} } } from 2557536182303153451
-- step 22 --
Node(9375979355847809525): received Vote { from: Block { prefix: Prefix(), version: 2, members: {2557536182303153451, 6425610967652444758, 10037328560925727304} }, to: Block { prefix: Prefix(), version: 3, members: {2557536182303153451, 6425610967652444758, 10037328560925727304, 11282725781903169517} } } from 2557536182303153451
Node(2557536182303153451): received Vote { from: Block { prefix: Prefix(), version: 2, members: {2557536182303153451, 6425610967652444758, 10037328560925727304} }, to: Block { prefix: Prefix(), version: 3, members: {2557536182303153451, 6425610967652444758, 10037328560925727304, 11282725781903169517} } } from 6425610967652444758
Node(9375979355847809525): received Vote { from: Block { prefix: Prefix(), version: 3, members: {2557536182303153451, 6425610967652444758, 9375979355847809525, 10037328560925727304} }, to: Block { prefix: Prefix(), version: 4, members: {2557536182303153451, 6425610967652444758, 9375979355847809525, 10037328560925727304, 11282725781903169517} } } from 2557536182303153451
Node(2557536182303153451): received Vote { from: Block { prefix: Prefix(), version: 3, members: {2557536182303153451, 6425610967652444758, 9375979355847809525, 10037328560925727304} }, to: Block { prefix: Prefix(), version: 4, members: {2557536182303153451, 6425610967652444758, 9375979355847809525, 10037328560925727304, 11282725781903169517} } } from 6425610967652444758
Node(10037328560925727304): received agreement for Vote { from: Block { prefix: Prefix(), version: 2, members: {2557536182303153451, 6425610967652444758, 10037328560925727304} }, to: Block { prefix: Prefix(), version: 3, members: {2557536182303153451, 6425610967652444758, 9375979355847809525, 10037328560925727304} } } from 9375979355847809525
Node(6425610967652444758): received agreement for Vote { from: Block { prefix: Prefix(), version: 3, members: {2557536182303153451, 6425610967652444758, 9375979355847809525, 10037328560925727304} }, to: Block { prefix: Prefix(), version: 4, members: {2557536182303153451, 6425610967652444758, 9375979355847809525, 10037328560925727304, 11282725781903169517} } } from 9375979355847809525
Node(2557536182303153451): received agreement for Vote { from: Block { prefix: Prefix(), version: 3, members: {2557536182303153451, 6425610967652444758, 9375979355847809525, 10037328560925727304} }, to: Block { prefix: Prefix(), version: 4, members: {2557536182303153451, 6425610967652444758, 9375979355847809525, 10037328560925727304, 11282725781903169517} } } from 10037328560925727304
Node(6425610967652444758): received agreement for Vote { from: Block { prefix: Prefix(), version: 3, members: {2557536182303153451, 6425610967652444758, 9375979355847809525, 10037328560925727304} }, to: Block { prefix: Prefix(), version: 4, members: {2557536182303153451, 6425610967652444758, 9375979355847809525, 10037328560925727304, 11282725781903169517} } } from 10037328560925727304
Node(9375979355847809525): received agreement for Vote { from: Block { prefix: Prefix(), version: 3, members: {2557536182303153451, 6425610967652444758, 9375979355847809525, 10037328560925727304} }, to: Block { prefix: Prefix(), version: 4, members: {2557536182303153451, 6425610967652444758, 9375979355847809525, 10037328560925727304, 11282725781903169517} } } from 10037328560925727304
Node(2557536182303153451): received agreement for Vote { from: Block { prefix: Prefix(), version: 2, members: {2557536182303153451, 6425610967652444758, 10037328560925727304} }, to: Block { prefix: Prefix(), version: 3, members: {2557536182303153451, 6425610967652444758, 10037328560925727304, 11282725781903169517} } } from 9375979355847809525
Node(9375979355847809525): received agreement for Vote { from: Block { prefix: Prefix(), version: 2, members: {2557536182303153451, 6425610967652444758, 10037328560925727304} }, to: Block { prefix: Prefix(), version: 3, members: {2557536182303153451, 6425610967652444758, 10037328560925727304, 11282725781903169517} } } from 2557536182303153451
Node(9375979355847809525): received agreement for Vote { from: Block { prefix: Prefix(), version: 3, members: {2557536182303153451, 6425610967652444758, 9375979355847809525, 10037328560925727304} }, to: Block { prefix: Prefix(), version: 4, members: {2557536182303153451, 6425610967652444758, 9375979355847809525, 10037328560925727304, 11282725781903169517} } } from 2557536182303153451
Node(2557536182303153451): received agreement for Vote { from: Block { prefix: Prefix(), version: 3, members: {2557536182303153451, 6425610967652444758, 9375979355847809525, 10037328560925727304} }, to: Block { prefix: Prefix(), version: 4, members: {2557536182303153451, 6425610967652444758, 9375979355847809525, 10037328560925727304, 11282725781903169517} } } from 11282725781903169517
Node(6425610967652444758): received agreement for Vote { from: Block { prefix: Prefix(), version: 3, members: {2557536182303153451, 6425610967652444758, 9375979355847809525, 10037328560925727304} }, to: Block { prefix: Prefix(), version: 4, members: {2557536182303153451, 6425610967652444758, 9375979355847809525, 10037328560925727304, 11282725781903169517} } } from 11282725781903169517
Node(9375979355847809525): received agreement for Vote { from: Block { prefix: Prefix(), version: 3, members: {2557536182303153451, 6425610967652444758, 9375979355847809525, 10037328560925727304} }, to: Block { prefix: Prefix(), version: 4, members: {2557536182303153451, 6425610967652444758, 9375979355847809525, 10037328560925727304, 11282725781903169517} } } from 11282725781903169517
-- step 23 --
Node(9375979355847809525): received Vote { from: Block { prefix: Prefix(), version: 2, members: {2557536182303153451, 6425610967652444758, 10037328560925727304} }, to: Block { prefix: Prefix(), version: 3, members: {2557536182303153451, 6425610967652444758, 10037328560925727304, 11282725781903169517} } } from 6425610967652444758
Node(11282725781903169517): received Vote { from: Block { prefix: Prefix(), version: 2, members: {2557536182303153451, 6425610967652444758, 10037328560925727304} }, to: Block { prefix: Prefix(), version: 3, members: {2557536182303153451, 6425610967652444758, 9375979355847809525, 10037328560925727304} } } from 6425610967652444758
Node(11282725781903169517): received Vote { from: Block { prefix: Prefix(), version: 3, members: {2557536182303153451, 6425610967652444758, 9375979355847809525, 10037328560925727304} }, to: Block { prefix: Prefix(), version: 4, members: {2557536182303153451, 6425610967652444758, 9375979355847809525, 10037328560925727304, 11282725781903169517} } } from 6425610967652444758
Node(10037328560925727304): received agreement for Vote { from: Block { prefix: Prefix(), version: 2, members: {2557536182303153451, 6425610967652444758, 10037328560925727304} }, to: Block { prefix: Prefix(), version: 3, members: {2557536182303153451, 6425610967652444758, 10037328560925727304, 11282725781903169517} } } from 6425610967652444758
Node(6425610967652444758): received agreement for Vote { from: Block { prefix: Prefix(), version: 2, members: {2557536182303153451, 6425610967652444758, 10037328560925727304} }, to: Block { prefix: Prefix(), version: 3, members: {2557536182303153451, 6425610967652444758, 10037328560925727304, 11282725781903169517} } } from 10037328560925727304
Node(6425610967652444758): received Vote { from: Block { prefix: Prefix(), version: 3, members: {2557536182303153451, 6425610967652444758, 9375979355847809525, 10037328560925727304} }, to: Block { prefix: Prefix(), version: 4, members: {2557536182303153451, 6425610967652444758, 9375979355847809525, 10037328560925727304, 11282725781903169517} } } from 9375979355847809525
Node(6425610967652444758): received agreement for Vote { from: Block { prefix: Prefix(), version: 2, members: {2557536182303153451, 6425610967652444758, 10037328560925727304} }, to: Block { prefix: Prefix(), version: 3, members: {2557536182303153451, 6425610967652444758, 9375979355847809525, 10037328560925727304} } } from 11282725781903169517
Node(10037328560925727304): received agreement for Vote { from: Block { prefix: Prefix(), version: 2, members: {2557536182303153451, 6425610967652444758, 10037328560925727304} }, to: Block { prefix: Prefix(), version: 3, members: {2557536182303153451, 6425610967652444758, 10037328560925727304, 11282725781903169517} } } from 11282725781903169517
Node(11282725781903169517): received agreement for Vote { from: Block { prefix: Prefix(), version: 3, members: {2557536182303153451, 6425610967652444758, 9375979355847809525, 10037328560925727304} }, to: Block { prefix: Prefix(), version: 4, members: {2557536182303153451, 6425610967652444758, 9375979355847809525, 10037328560925727304, 11282725781903169517} } } from 9375979355847809525
Node(11282725781903169517): received agreement for Vote { from: Block { prefix: Prefix(), version: 3, members: {2557536182303153451, 6425610967652444758, 9375979355847809525, 10037328560925727304} }, to: Block { prefix: Prefix(), version: 4, members: {2557536182303153451, 6425610967652444758, 9375979355847809525, 10037328560925727304, 11282725781903169517} } } from 10037328560925727304
Node(6425610967652444758): received agreement for Vote { from: Block { prefix: Prefix(), version: 3, members: {2557536182303153451, 6425610967652444758, 9375979355847809525, 10037328560925727304} }, to: Block { prefix: Prefix(), version: 4, members: {2557536182303153451, 6425610967652444758, 9375979355847809525, 10037328560925727304, 11282725781903169517} } } from 2557536182303153451
Node(10037328560925727304): received agreement for Vote { from: Block { prefix: Prefix(), version: 3, members: {2557536182303153451, 6425610967652444758, 9375979355847809525, 10037328560925727304} }, to: Block { prefix: Prefix(), version: 4, members: {2557536182303153451, 6425610967652444758, 9375979355847809525, 10037328560925727304, 11282725781903169517} } } from 11282725781903169517
-- step 24 --
Node(10037328560925727304): received agreement for Vote { from: Block { prefix: Prefix(), version: 2, members: {2557536182303153451, 6425610967652444758, 10037328560925727304} }, to: Block { prefix: Prefix(), version: 3, members: {2557536182303153451, 6425610967652444758, 10037328560925727304, 11282725781903169517} } } from 9375979355847809525
Node(11282725781903169517): received agreement for Vote { from: Block { prefix: Prefix(), version: 2, members: {2557536182303153451, 6425610967652444758, 10037328560925727304} }, to: Block { prefix: Prefix(), version: 3, members: {2557536182303153451, 6425610967652444758, 10037328560925727304, 11282725781903169517} } } from 2557536182303153451
Node(10037328560925727304): received agreement for Vote { from: Block { prefix: Prefix(), version: 3, members: {2557536182303153451, 6425610967652444758, 9375979355847809525, 10037328560925727304} }, to: Block { prefix: Prefix(), version: 4, members: {2557536182303153451, 6425610967652444758, 9375979355847809525, 10037328560925727304, 11282725781903169517} } } from 2557536182303153451
-- step 25 --
Node(2557536182303153451): received agreement for Vote { from: Block { prefix: Prefix(), version: 3, members: {2557536182303153451, 6425610967652444758, 9375979355847809525, 10037328560925727304} }, to: Block { prefix: Prefix(), version: 4, members: {2557536182303153451, 6425610967652444758, 9375979355847809525, 10037328560925727304, 11282725781903169517} } } from 6425610967652444758
Node(10037328560925727304): received agreement for Vote { from: Block { prefix: Prefix(), version: 3, members: {2557536182303153451, 6425610967652444758, 9375979355847809525, 10037328560925727304} }, to: Block { prefix: Prefix(), version: 4, members: {2557536182303153451, 6425610967652444758, 9375979355847809525, 10037328560925727304, 11282725781903169517} } } from 6425610967652444758
Node(2557536182303153451): received agreement for Vote { from: Block { prefix: Prefix(), version: 3, members: {2557536182303153451, 6425610967652444758, 9375979355847809525, 10037328560925727304} }, to: Block { prefix: Prefix(), version: 4, members: {2557536182303153451, 6425610967652444758, 9375979355847809525, 10037328560925727304, 11282725781903169517} } } from 9375979355847809525
Node(6425610967652444758): received agreement for Vote { from: Block { prefix: Prefix(), version: 2, members: {2557536182303153451, 6425610967652444758, 10037328560925727304} }, to: Block { prefix: Prefix(), version: 3, members: {2557536182303153451, 6425610967652444758, 10037328560925727304, 11282725781903169517} } } from 2557536182303153451
-- step 26 --
-- step 27 --
-- step 28 --
-- step 29 --
-- step 30 --
-- step 31 --
-- step 32 --
-- step 33 --
-- step 34 --
-- step 35 --
-- step 36 --
-- step 37 --
-- step 38 --
-- step 39 --
-- step 40 --
-- step 41 --
-- step 42 --
-- step 43 --
-- step 44 --
-- step 45 --
-- step 46 --
-- step 47 --
-- step 48 --
-- step 49 --
-- step 50 --
-- step 51 --
-- step 52 --
-- step 53 --
-- step 54 --
-- step 55 --
-- step 56 --
-- step 57 --
-- step 58 --
-- step 59 --
-- step 60 --
-- step 61 --
-- step 62 --
-- step 63 --
-- step 64 --
-- step 65 --
-- step 66 --
-- step 67 --
-- step 68 --
-- step 69 --
-- step 70 --
-- step 71 --
-- step 72 --
-- step 73 --
-- step 74 --
-- step 75 --
-- step 76 --
-- step 77 --
-- step 78 --
-- step 79 --
-- step 80 --
-- step 81 --
-- step 82 --
-- step 83 --
-- step 84 --
-- step 85 --
-- step 86 --
-- step 87 --
-- step 88 --
-- step 89 --
-- step 90 --
-- step 91 --
-- step 92 --
-- step 93 --
-- step 94 --
-- step 95 --
-- step 96 --
-- step 97 --
-- step 98 --
-- step 99 --
-- final node states --
Node(2557536182303153451): current_blocks: {
    Block {
        prefix: Prefix(),
        version: 4,
        members: {
            2557536182303153451,
            6425610967652444758,
            9375979355847809525,
            10037328560925727304,
            11282725781903169517
        }
    }
}
Node(6425610967652444758): current_blocks: {
    Block {
        prefix: Prefix(),
        version: 4,
        members: {
            2557536182303153451,
            6425610967652444758,
            9375979355847809525,
            10037328560925727304,
            11282725781903169517
        }
    }
}
Node(9375979355847809525): current_blocks: {
    Block {
        prefix: Prefix(),
        version: 4,
        members: {
            2557536182303153451,
            6425610967652444758,
            9375979355847809525,
            10037328560925727304,
            11282725781903169517
        }
    }
}
Node(10037328560925727304): current_blocks: {
    Block {
        prefix: Prefix(),
        version: 4,
        members: {
            2557536182303153451,
            6425610967652444758,
            9375979355847809525,
            10037328560925727304,
            11282725781903169517
        }
    }
}
Node(11282725781903169517): current_blocks: {
    Block {
        prefix: Prefix(),
        version: 4,
        members: {
            2557536182303153451,
            6425610967652444758,
            9375979355847809525,
            10037328560925727304,
            11282725781903169517
        }
    }
}
